c:\users\r0nen\source\c++ object oriented\randh\randh\debug\vc141.pdb
c:\users\r0nen\source\c++ object oriented\randh\randh\debug\vc141.idb
c:\users\r0nen\source\c++ object oriented\randh\randh\debug\usergenerator.obj
c:\users\r0nen\source\c++ object oriented\randh\randh\debug\seller.obj
c:\users\r0nen\source\c++ object oriented\randh\randh\debug\product.obj
c:\users\r0nen\source\c++ object oriented\randh\randh\debug\feedback.obj
c:\users\r0nen\source\c++ object oriented\randh\randh\debug\buyer.obj
c:\users\r0nen\source\c++ object oriented\randh\randh\debug\user.obj
c:\users\r0nen\source\c++ object oriented\randh\randh\debug\address.obj
c:\users\r0nen\source\c++ object oriented\randh\randh\debug\main.obj
c:\users\r0nen\source\c++ object oriented\randh\randh\debug\randh.obj
c:\users\r0nen\source\c++ object oriented\randh\randh\debug\buyerseller.obj
c:\users\r0nen\source\c++ object oriented\randh\randh\debug\payment.obj
c:\users\r0nen\source\c++ object oriented\randh\randh\debug\order.obj
c:\users\r0nen\source\c++ object oriented\randh\randh\debug\date.obj
c:\users\r0nen\source\c++ object oriented\randh\randh\debug\creditcard.obj
c:\users\r0nen\source\c++ object oriented\randh\debug\randh.exe
c:\users\r0nen\source\c++ object oriented\randh\debug\randh.ilk
c:\users\r0nen\source\c++ object oriented\randh\debug\randh.pdb
c:\users\r0nen\source\c++ object oriented\randh\randh\debug\randh.tlog\cl.command.1.tlog
c:\users\r0nen\source\c++ object oriented\randh\randh\debug\randh.tlog\cl.read.1.tlog
c:\users\r0nen\source\c++ object oriented\randh\randh\debug\randh.tlog\cl.write.1.tlog
c:\users\r0nen\source\c++ object oriented\randh\randh\debug\randh.tlog\link.command.1.tlog
c:\users\r0nen\source\c++ object oriented\randh\randh\debug\randh.tlog\link.read.1.tlog
c:\users\r0nen\source\c++ object oriented\randh\randh\debug\randh.tlog\link.write.1.tlog
